0 info it worked if it ends with ok
1 verbose cli [ '/usr/local/bin/node', '/usr/local/bin/npm', 'start' ]
2 info using npm@3.10.6
3 info using node@v4.1.1
4 verbose run-script [ 'prestart', 'start', 'poststart' ]
5 info lifecycle visuate-dashboard@1.0.0~prestart: visuate-dashboard@1.0.0
6 silly lifecycle visuate-dashboard@1.0.0~prestart: no script for prestart, continuing
7 info lifecycle visuate-dashboard@1.0.0~start: visuate-dashboard@1.0.0
8 verbose lifecycle visuate-dashboard@1.0.0~start: unsafe-perm in lifecycle true
9 verbose lifecycle visuate-dashboard@1.0.0~start: PATH: /usr/local/lib/node_modules/npm/bin/node-gyp-bin:/Users/oguzgelal/Dropbox/Oguz/web/TOPTAL/visuate/dashboard/node_modules/.bin:/Users/oguzgelal/.rvm/gems/ruby-2.1.1/bin:/Users/oguzgelal/.rvm/gems/ruby-2.1.1@global/bin:/Users/oguzgelal/.rvm/rubies/ruby-2.1.1/bin:/opt/local/bin:/opt/local/sbin:/usr/local/bin:/usr/local/bin:/usr/local/sbin:/usr/bin:/bin:/usr/sbin:/sbin:/Users/oguzgelal/Documents/AndroidSDK/adt-bundle-mac-x86_64-20140702/sdk/platform-tools:/Users/oguzgelal/.composer/vendor/bin:/Users/oguzgelal/.node/bin:/Users/oguzgelal/.node/bin:/Users/oguzgelal/.rvm/bin
10 verbose lifecycle visuate-dashboard@1.0.0~start: CWD: /Users/oguzgelal/Dropbox/Oguz/web/TOPTAL/visuate/dashboard
11 silly lifecycle visuate-dashboard@1.0.0~start: Args: [ '-c', 'gulp serve-dev' ]
12 silly lifecycle visuate-dashboard@1.0.0~start: Returned: code: 1  signal: null
13 info lifecycle visuate-dashboard@1.0.0~start: Failed to exec start script
14 verbose stack Error: visuate-dashboard@1.0.0 start: `gulp serve-dev`
14 verbose stack Exit status 1
14 verbose stack     at EventEmitter.<anonymous> (/usr/local/lib/node_modules/npm/lib/utils/lifecycle.js:255:16)
14 verbose stack     at emitTwo (events.js:87:13)
14 verbose stack     at EventEmitter.emit (events.js:172:7)
14 verbose stack     at ChildProcess.<anonymous> (/usr/local/lib/node_modules/npm/lib/utils/spawn.js:40:14)
14 verbose stack     at emitTwo (events.js:87:13)
14 verbose stack     at ChildProcess.emit (events.js:172:7)
14 verbose stack     at maybeClose (internal/child_process.js:817:16)
14 verbose stack     at Process.ChildProcess._handle.onexit (internal/child_process.js:211:5)
15 verbose pkgid visuate-dashboard@1.0.0
16 verbose cwd /Users/oguzgelal/Dropbox/Oguz/web/TOPTAL/visuate/dashboard
17 error Darwin 15.0.0
18 error argv "/usr/local/bin/node" "/usr/local/bin/npm" "start"
19 error node v4.1.1
20 error npm  v3.10.6
21 error code ELIFECYCLE
22 error visuate-dashboard@1.0.0 start: `gulp serve-dev`
22 error Exit status 1
23 error Failed at the visuate-dashboard@1.0.0 start script 'gulp serve-dev'.
23 error Make sure you have the latest version of node.js and npm installed.
23 error If you do, this is most likely a problem with the visuate-dashboard package,
23 error not with npm itself.
23 error Tell the author that this fails on your system:
23 error     gulp serve-dev
23 error You can get information on how to open an issue for this project with:
23 error     npm bugs visuate-dashboard
23 error Or if that isn't available, you can get their info via:
23 error     npm owner ls visuate-dashboard
23 error There is likely additional logging output above.
24 verbose exit [ 1, true ]
